<?xml version="1.0" encoding="UTF-8"?>
<!-- Generated by org.testng.reporters.JUnitReportReporter -->
<testsuite hostname="DESKTOP-MNBM418" failures="0" tests="1" name="DetailValidation.validation" time="36.648" errors="0" timestamp="16 Nov 2022 03:47:33 GMT">
  <testcase classname="DetailValidation.validation" name="verifingDetails" time="36.648"/>
</testsuite> <!-- DetailValidation.validation -->
